<?xml version="1.0" encoding="UTF-8" ?>
<testsuite failures="1" time="1.408" errors="0" skipped="0" tests="1" name="nz.ac.auckland.bookShare.services.UserResourceTest">
  <properties>
[...]
</properties>
  <testcase time="1.408" classname="nz.ac.auckland.bookShare.services.UserResourceTest" name="addUser">
    <failure message="Failed to create new Parolee" type="java.lang.AssertionError">java.lang.AssertionError: Failed to create new Parolee
	at org.junit.Assert.fail(Assert.java:93)
	at nz.ac.auckland.bookShare.services.UserResourceTest.addUser(UserResourceTest.java:49)
	at sun.reflect.NativeMethodAccessorImpl.invoke0(Native Method)
	at sun.reflect.NativeMethodAccessorImpl.invoke(NativeMethodAccessorImpl.java:57)
	at sun.reflect.DelegatingMethodAccessorImpl.invoke(DelegatingMethodAccessorImpl.java:43)
	at java.lang.reflect.Method.invoke(Method.java:606)
	at org.junit.runners.model.FrameworkMethod$1.runReflectiveCall(FrameworkMethod.java:45)
	at org.junit.internal.runners.model.ReflectiveCallable.run(ReflectiveCallable.java:15)
	at org.junit.runners.model.FrameworkMethod.invokeExplosively(FrameworkMethod.java:42)
	at org.junit.internal.runners.statements.InvokeMethod.evaluate(InvokeMethod.java:20)
	at org.junit.internal.runners.statements.RunBefores.evaluate(RunBefores.java:28)
	at org.junit.runners.ParentRunner.runLeaf(ParentRunner.java:263)
	at org.junit.runners.BlockJUnit4ClassRunner.runChild(BlockJUnit4ClassRunner.java:68)
	at org.junit.runners.BlockJUnit4ClassRunner.runChild(BlockJUnit4ClassRunner.java:47)
	at org.junit.runners.ParentRunner$3.run(ParentRunner.java:231)
	at org.junit.runners.ParentRunner$1.schedule(ParentRunner.java:60)
	at org.junit.runners.ParentRunner.runChildren(ParentRunner.java:229)
	at org.junit.runners.ParentRunner.access$000(ParentRunner.java:50)
	at org.junit.runners.ParentRunner$2.evaluate(ParentRunner.java:222)
	at org.junit.internal.runners.statements.RunAfters.evaluate(RunAfters.java:30)
	at org.junit.runners.ParentRunner.run(ParentRunner.java:300)
	at org.apache.maven.surefire.junit4.JUnit4Provider.execute(JUnit4Provider.java:252)
	at org.apache.maven.surefire.junit4.JUnit4Provider.executeTestSet(JUnit4Provider.java:141)
	at org.apache.maven.surefire.junit4.JUnit4Provider.invoke(JUnit4Provider.java:112)
	at sun.reflect.NativeMethodAccessorImpl.invoke0(Native Method)
	at sun.reflect.NativeMethodAccessorImpl.invoke(NativeMethodAccessorImpl.java:57)
	at sun.reflect.DelegatingMethodAccessorImpl.invoke(DelegatingMethodAccessorImpl.java:43)
	at java.lang.reflect.Method.invoke(Method.java:606)
	at org.apache.maven.surefire.util.ReflectionUtils.invokeMethodWithArray(ReflectionUtils.java:189)
	at org.apache.maven.surefire.booter.ProviderFactory$ProviderProxy.invoke(ProviderFactory.java:165)
	at org.apache.maven.surefire.booter.ProviderFactory.invokeProvider(ProviderFactory.java:85)
	at org.apache.maven.surefire.booter.ForkedBooter.runSuitesInProcess(ForkedBooter.java:115)
	at org.apache.maven.surefire.booter.ForkedBooter.main(ForkedBooter.java:75)
</failure>
    <system-out>2015-09-30 11:18:11,280 [main] DEBUG org.jboss.resteasy.plugins.providers.DocumentProvider  - Unable to retrieve config: expandEntityReferences defaults to false
2015-09-30 11:18:11,280 [main] DEBUG org.jboss.resteasy.plugins.providers.DocumentProvider  - Unable to retrieve config: enableSecureProcessingFeature defaults to true
2015-09-30 11:18:11,280 [main] DEBUG org.jboss.resteasy.plugins.providers.DocumentProvider  - Unable to retrieve config: disableDTDs defaults to true
2015-09-30 11:18:11,293 [main] DEBUG org.jboss.resteasy.plugins.providers.DocumentProvider  - Unable to retrieve config: expandEntityReferences defaults to false
2015-09-30 11:18:11,293 [main] DEBUG org.jboss.resteasy.plugins.providers.DocumentProvider  - Unable to retrieve config: enableSecureProcessingFeature defaults to true
2015-09-30 11:18:11,293 [main] DEBUG org.jboss.resteasy.plugins.providers.DocumentProvider  - Unable to retrieve config: disableDTDs defaults to true
setCharset(): UTF-8
2015-09-30 11:18:12,226 [main] DEBUG org.apache.http.impl.conn.BasicClientConnectionManager  - Get connection for route {}-&gt;http://localhost:8080
2015-09-30 11:18:12,241 [main] DEBUG org.apache.http.impl.conn.DefaultClientConnectionOperator  - Connecting to localhost:8080
2015-09-30 11:18:12,272 [main] DEBUG org.apache.http.client.protocol.RequestAddCookies  - CookieSpec selected: best-match
2015-09-30 11:18:12,288 [main] DEBUG org.apache.http.client.protocol.RequestAuthCache  - Auth cache not set in the context
2015-09-30 11:18:12,288 [main] DEBUG org.apache.http.client.protocol.RequestTargetAuthentication  - Target auth state: UNCHALLENGED
2015-09-30 11:18:12,298 [main] DEBUG org.apache.http.client.protocol.RequestProxyAuthentication  - Proxy auth state: UNCHALLENGED
2015-09-30 11:18:12,298 [main] DEBUG org.apache.http.impl.client.DefaultHttpClient  - Attempt 1 to execute request
2015-09-30 11:18:12,298 [main] DEBUG org.apache.http.impl.conn.DefaultClientConnection  - Sending request: POST /services/users HTTP/1.1
2015-09-30 11:18:12,298 [main] DEBUG org.apache.http.wire  - &gt;&gt; &quot;POST /services/users HTTP/1.1[\r][\n]&quot;
2015-09-30 11:18:12,298 [main] DEBUG org.apache.http.wire  - &gt;&gt; &quot;Accept-Encoding: gzip, deflate[\r][\n]&quot;
2015-09-30 11:18:12,298 [main] DEBUG org.apache.http.wire  - &gt;&gt; &quot;Content-Type: application/xml[\r][\n]&quot;
2015-09-30 11:18:12,298 [main] DEBUG org.apache.http.wire  - &gt;&gt; &quot;Content-Length: 190[\r][\n]&quot;
2015-09-30 11:18:12,298 [main] DEBUG org.apache.http.wire  - &gt;&gt; &quot;Host: localhost:8080[\r][\n]&quot;
2015-09-30 11:18:12,298 [main] DEBUG org.apache.http.wire  - &gt;&gt; &quot;Connection: Keep-Alive[\r][\n]&quot;
2015-09-30 11:18:12,298 [main] DEBUG org.apache.http.wire  - &gt;&gt; &quot;[\r][\n]&quot;
2015-09-30 11:18:12,298 [main] DEBUG org.apache.http.headers  - &gt;&gt; POST /services/users HTTP/1.1
2015-09-30 11:18:12,298 [main] DEBUG org.apache.http.headers  - &gt;&gt; Accept-Encoding: gzip, deflate
2015-09-30 11:18:12,298 [main] DEBUG org.apache.http.headers  - &gt;&gt; Content-Type: application/xml
2015-09-30 11:18:12,298 [main] DEBUG org.apache.http.headers  - &gt;&gt; Content-Length: 190
2015-09-30 11:18:12,298 [main] DEBUG org.apache.http.headers  - &gt;&gt; Host: localhost:8080
2015-09-30 11:18:12,298 [main] DEBUG org.apache.http.headers  - &gt;&gt; Connection: Keep-Alive
2015-09-30 11:18:12,298 [main] DEBUG org.apache.http.wire  - &gt;&gt; &quot;&lt;?xml version=&quot;1.0&quot; encoding=&quot;UTF-8&quot; standalone=&quot;yes&quot;?&gt;&lt;user&gt;&lt;id&gt;0&lt;/id&gt;&lt;first-name&gt;Zoran&lt;/first-name&gt;&lt;last-name&gt;Salcic&lt;/last-name&gt;&lt;username&gt;lecturer101&lt;/username&gt;&lt;city&gt;Auckland&lt;/city&gt;&lt;/user&gt;&quot;
2015-09-30 11:18:12,501 [main] DEBUG org.apache.http.wire  - &lt;&lt; &quot;HTTP/1.1 500 Server Error[\r][\n]&quot;
2015-09-30 11:18:12,501 [main] DEBUG org.apache.http.wire  - &lt;&lt; &quot;Content-Type: text/html; charset=ISO-8859-1[\r][\n]&quot;
2015-09-30 11:18:12,501 [main] DEBUG org.apache.http.wire  - &lt;&lt; &quot;Cache-Control: must-revalidate,no-cache,no-store[\r][\n]&quot;
2015-09-30 11:18:12,501 [main] DEBUG org.apache.http.wire  - &lt;&lt; &quot;Content-Length: 33237[\r][\n]&quot;
2015-09-30 11:18:12,501 [main] DEBUG org.apache.http.wire  - &lt;&lt; &quot;Server: Jetty(9.0.6.v20130930)[\r][\n]&quot;
2015-09-30 11:18:12,501 [main] DEBUG org.apache.http.wire  - &lt;&lt; &quot;[\r][\n]&quot;
2015-09-30 11:18:12,501 [main] DEBUG org.apache.http.impl.conn.DefaultClientConnection  - Receiving response: HTTP/1.1 500 Server Error
2015-09-30 11:18:12,501 [main] DEBUG org.apache.http.headers  - &lt;&lt; HTTP/1.1 500 Server Error
2015-09-30 11:18:12,501 [main] DEBUG org.apache.http.headers  - &lt;&lt; Content-Type: text/html; charset=ISO-8859-1
2015-09-30 11:18:12,501 [main] DEBUG org.apache.http.headers  - &lt;&lt; Cache-Control: must-revalidate,no-cache,no-store
2015-09-30 11:18:12,501 [main] DEBUG org.apache.http.headers  - &lt;&lt; Content-Length: 33237
2015-09-30 11:18:12,501 [main] DEBUG org.apache.http.headers  - &lt;&lt; Server: Jetty(9.0.6.v20130930)
2015-09-30 11:18:12,501 [main] DEBUG org.apache.http.impl.client.DefaultHttpClient  - Connection can be kept alive indefinitely
</system-out>
  </testcase>
</testsuite>