<?xml version="1.0" encoding="UTF-8" ?>
<testsuite tests="3" failures="1" name="nz.ac.auckland.bookShare.services.UserResourceTest" time="0.575" errors="0" skipped="0">
  <properties>
[...]
</properties>
  <testcase classname="nz.ac.auckland.bookShare.services.UserResourceTest" name="addAndRetrieveUser" time="0.346"/>
  <testcase classname="nz.ac.auckland.bookShare.services.UserResourceTest" name="updateUserRequest" time="0.137">
    <failure message="Failed to add new Request" type="java.lang.AssertionError">java.lang.AssertionError: Failed to add new Request
	at org.junit.Assert.fail(Assert.java:93)
	at nz.ac.auckland.bookShare.services.UserResourceTest.updateUserRequest(UserResourceTest.java:150)
	at sun.reflect.NativeMethodAccessorImpl.invoke0(Native Method)
	at sun.reflect.NativeMethodAccessorImpl.invoke(NativeMethodAccessorImpl.java:62)
	at sun.reflect.DelegatingMethodAccessorImpl.invoke(DelegatingMethodAccessorImpl.java:43)
	at java.lang.reflect.Method.invoke(Method.java:497)
	at org.junit.runners.model.FrameworkMethod$1.runReflectiveCall(FrameworkMethod.java:45)
	at org.junit.internal.runners.model.ReflectiveCallable.run(ReflectiveCallable.java:15)
	at org.junit.runners.model.FrameworkMethod.invokeExplosively(FrameworkMethod.java:42)
	at org.junit.internal.runners.statements.InvokeMethod.evaluate(InvokeMethod.java:20)
	at org.junit.internal.runners.statements.RunBefores.evaluate(RunBefores.java:28)
	at org.junit.internal.runners.statements.RunAfters.evaluate(RunAfters.java:30)
	at org.junit.runners.ParentRunner.runLeaf(ParentRunner.java:263)
	at org.junit.runners.BlockJUnit4ClassRunner.runChild(BlockJUnit4ClassRunner.java:68)
	at org.junit.runners.BlockJUnit4ClassRunner.runChild(BlockJUnit4ClassRunner.java:47)
	at org.junit.runners.ParentRunner$3.run(ParentRunner.java:231)
	at org.junit.runners.ParentRunner$1.schedule(ParentRunner.java:60)
	at org.junit.runners.ParentRunner.runChildren(ParentRunner.java:229)
	at org.junit.runners.ParentRunner.access$000(ParentRunner.java:50)
	at org.junit.runners.ParentRunner$2.evaluate(ParentRunner.java:222)
	at org.junit.internal.runners.statements.RunBefores.evaluate(RunBefores.java:28)
	at org.junit.runners.ParentRunner.run(ParentRunner.java:300)
	at org.apache.maven.surefire.junit4.JUnit4Provider.execute(JUnit4Provider.java:252)
	at org.apache.maven.surefire.junit4.JUnit4Provider.executeTestSet(JUnit4Provider.java:141)
	at org.apache.maven.surefire.junit4.JUnit4Provider.invoke(JUnit4Provider.java:112)
	at sun.reflect.NativeMethodAccessorImpl.invoke0(Native Method)
	at sun.reflect.NativeMethodAccessorImpl.invoke(NativeMethodAccessorImpl.java:62)
	at sun.reflect.DelegatingMethodAccessorImpl.invoke(DelegatingMethodAccessorImpl.java:43)
	at java.lang.reflect.Method.invoke(Method.java:497)
	at org.apache.maven.surefire.util.ReflectionUtils.invokeMethodWithArray(ReflectionUtils.java:189)
	at org.apache.maven.surefire.booter.ProviderFactory$ProviderProxy.invoke(ProviderFactory.java:165)
	at org.apache.maven.surefire.booter.ProviderFactory.invokeProvider(ProviderFactory.java:85)
	at org.apache.maven.surefire.booter.ForkedBooter.runSuitesInProcess(ForkedBooter.java:115)
	at org.apache.maven.surefire.booter.ForkedBooter.main(ForkedBooter.java:75)
</failure>
    <system-out>2015-09-30 23:54:05,817 [main] DEBUG org.jboss.resteasy.plugins.providers.DocumentProvider  - Unable to retrieve config: expandEntityReferences defaults to false
2015-09-30 23:54:05,817 [main] DEBUG org.jboss.resteasy.plugins.providers.DocumentProvider  - Unable to retrieve config: enableSecureProcessingFeature defaults to true
2015-09-30 23:54:05,818 [main] DEBUG org.jboss.resteasy.plugins.providers.DocumentProvider  - Unable to retrieve config: disableDTDs defaults to true
2015-09-30 23:54:05,819 [main] DEBUG org.jboss.resteasy.plugins.providers.DocumentProvider  - Unable to retrieve config: expandEntityReferences defaults to false
2015-09-30 23:54:05,819 [main] DEBUG org.jboss.resteasy.plugins.providers.DocumentProvider  - Unable to retrieve config: enableSecureProcessingFeature defaults to true
2015-09-30 23:54:05,819 [main] DEBUG org.jboss.resteasy.plugins.providers.DocumentProvider  - Unable to retrieve config: disableDTDs defaults to true
setCharset(): UTF-8
2015-09-30 23:54:05,833 [main] DEBUG org.apache.http.impl.conn.BasicClientConnectionManager  - Get connection for route {}-&gt;http://localhost:8080
2015-09-30 23:54:05,833 [main] DEBUG org.apache.http.impl.conn.DefaultClientConnectionOperator  - Connecting to localhost:8080
2015-09-30 23:54:05,834 [main] DEBUG org.apache.http.client.protocol.RequestAddCookies  - CookieSpec selected: best-match
2015-09-30 23:54:05,834 [main] DEBUG org.apache.http.client.protocol.RequestAuthCache  - Auth cache not set in the context
2015-09-30 23:54:05,835 [main] DEBUG org.apache.http.client.protocol.RequestTargetAuthentication  - Target auth state: UNCHALLENGED
2015-09-30 23:54:05,835 [main] DEBUG org.apache.http.client.protocol.RequestProxyAuthentication  - Proxy auth state: UNCHALLENGED
2015-09-30 23:54:05,835 [main] DEBUG org.apache.http.impl.client.DefaultHttpClient  - Attempt 1 to execute request
2015-09-30 23:54:05,835 [main] DEBUG org.apache.http.impl.conn.DefaultClientConnection  - Sending request: POST /services/users HTTP/1.1
2015-09-30 23:54:05,835 [main] DEBUG org.apache.http.wire  - &gt;&gt; &quot;POST /services/users HTTP/1.1[\r][\n]&quot;
2015-09-30 23:54:05,835 [main] DEBUG org.apache.http.wire  - &gt;&gt; &quot;Accept-Encoding: gzip, deflate[\r][\n]&quot;
2015-09-30 23:54:05,835 [main] DEBUG org.apache.http.wire  - &gt;&gt; &quot;Content-Type: application/xml[\r][\n]&quot;
2015-09-30 23:54:05,835 [main] DEBUG org.apache.http.wire  - &gt;&gt; &quot;Content-Length: 194[\r][\n]&quot;
2015-09-30 23:54:05,835 [main] DEBUG org.apache.http.wire  - &gt;&gt; &quot;Host: localhost:8080[\r][\n]&quot;
2015-09-30 23:54:05,835 [main] DEBUG org.apache.http.wire  - &gt;&gt; &quot;Connection: Keep-Alive[\r][\n]&quot;
2015-09-30 23:54:05,835 [main] DEBUG org.apache.http.wire  - &gt;&gt; &quot;[\r][\n]&quot;
2015-09-30 23:54:05,836 [main] DEBUG org.apache.http.headers  - &gt;&gt; POST /services/users HTTP/1.1
2015-09-30 23:54:05,836 [main] DEBUG org.apache.http.headers  - &gt;&gt; Accept-Encoding: gzip, deflate
2015-09-30 23:54:05,836 [main] DEBUG org.apache.http.headers  - &gt;&gt; Content-Type: application/xml
2015-09-30 23:54:05,836 [main] DEBUG org.apache.http.headers  - &gt;&gt; Content-Length: 194
2015-09-30 23:54:05,836 [main] DEBUG org.apache.http.headers  - &gt;&gt; Host: localhost:8080
2015-09-30 23:54:05,836 [main] DEBUG org.apache.http.headers  - &gt;&gt; Connection: Keep-Alive
2015-09-30 23:54:05,836 [main] DEBUG org.apache.http.wire  - &gt;&gt; &quot;&lt;?xml version=&quot;1.0&quot; encoding=&quot;UTF-8&quot; standalone=&quot;yes&quot;?&gt;&lt;user&gt;&lt;id&gt;0&lt;/id&gt;&lt;first-name&gt;Catherine&lt;/first-name&gt;&lt;last-name&gt;Watson&lt;/last-name&gt;&lt;username&gt;programmer2&lt;/username&gt;&lt;city&gt;Auckland&lt;/city&gt;&lt;/user&gt;&quot;
2015-09-30 23:54:05,847 [main] DEBUG org.apache.http.wire  - &lt;&lt; &quot;HTTP/1.1 201 Created[\r][\n]&quot;
2015-09-30 23:54:05,847 [main] DEBUG org.apache.http.wire  - &lt;&lt; &quot;Location: http://localhost:8080/services/users/131[\r][\n]&quot;
2015-09-30 23:54:05,847 [main] DEBUG org.apache.http.wire  - &lt;&lt; &quot;Content-Length: 0[\r][\n]&quot;
2015-09-30 23:54:05,847 [main] DEBUG org.apache.http.wire  - &lt;&lt; &quot;Server: Jetty(9.0.6.v20130930)[\r][\n]&quot;
2015-09-30 23:54:05,848 [main] DEBUG org.apache.http.wire  - &lt;&lt; &quot;[\r][\n]&quot;
2015-09-30 23:54:05,848 [main] DEBUG org.apache.http.impl.conn.DefaultClientConnection  - Receiving response: HTTP/1.1 201 Created
2015-09-30 23:54:05,848 [main] DEBUG org.apache.http.headers  - &lt;&lt; HTTP/1.1 201 Created
2015-09-30 23:54:05,848 [main] DEBUG org.apache.http.headers  - &lt;&lt; Location: http://localhost:8080/services/users/131
2015-09-30 23:54:05,848 [main] DEBUG org.apache.http.headers  - &lt;&lt; Content-Length: 0
2015-09-30 23:54:05,848 [main] DEBUG org.apache.http.headers  - &lt;&lt; Server: Jetty(9.0.6.v20130930)
2015-09-30 23:54:05,848 [main] DEBUG org.apache.http.impl.client.DefaultHttpClient  - Connection can be kept alive indefinitely
2015-09-30 23:54:05,848 [main] DEBUG org.apache.http.impl.conn.BasicClientConnectionManager  - Releasing connection org.apache.http.impl.conn.ManagedClientConnectionImpl@59af0466
2015-09-30 23:54:05,848 [main] DEBUG org.apache.http.impl.conn.BasicClientConnectionManager  - Connection can be kept alive indefinitely
setCharset(): UTF-8
2015-09-30 23:54:05,879 [main] DEBUG org.apache.http.impl.conn.BasicClientConnectionManager  - Get connection for route {}-&gt;http://localhost:8080
2015-09-30 23:54:05,879 [main] DEBUG org.apache.http.impl.client.DefaultHttpClient  - Stale connection check
2015-09-30 23:54:05,880 [main] DEBUG org.apache.http.client.protocol.RequestAddCookies  - CookieSpec selected: best-match
2015-09-30 23:54:05,880 [main] DEBUG org.apache.http.client.protocol.RequestAuthCache  - Auth cache not set in the context
2015-09-30 23:54:05,880 [main] DEBUG org.apache.http.client.protocol.RequestTargetAuthentication  - Target auth state: UNCHALLENGED
2015-09-30 23:54:05,880 [main] DEBUG org.apache.http.client.protocol.RequestProxyAuthentication  - Proxy auth state: UNCHALLENGED
2015-09-30 23:54:05,880 [main] DEBUG org.apache.http.impl.client.DefaultHttpClient  - Attempt 1 to execute request
2015-09-30 23:54:05,880 [main] DEBUG org.apache.http.impl.conn.DefaultClientConnection  - Sending request: PUT /services/users/131/books HTTP/1.1
2015-09-30 23:54:05,880 [main] DEBUG org.apache.http.wire  - &gt;&gt; &quot;PUT /services/users/131/books HTTP/1.1[\r][\n]&quot;
2015-09-30 23:54:05,880 [main] DEBUG org.apache.http.wire  - &gt;&gt; &quot;Accept-Encoding: gzip, deflate[\r][\n]&quot;
2015-09-30 23:54:05,880 [main] DEBUG org.apache.http.wire  - &gt;&gt; &quot;Content-Type: application/xml[\r][\n]&quot;
2015-09-30 23:54:05,880 [main] DEBUG org.apache.http.wire  - &gt;&gt; &quot;Content-Length: 276[\r][\n]&quot;
2015-09-30 23:54:05,880 [main] DEBUG org.apache.http.wire  - &gt;&gt; &quot;Host: localhost:8080[\r][\n]&quot;
2015-09-30 23:54:05,880 [main] DEBUG org.apache.http.wire  - &gt;&gt; &quot;Connection: Keep-Alive[\r][\n]&quot;
2015-09-30 23:54:05,880 [main] DEBUG org.apache.http.wire  - &gt;&gt; &quot;[\r][\n]&quot;
2015-09-30 23:54:05,881 [main] DEBUG org.apache.http.headers  - &gt;&gt; PUT /services/users/131/books HTTP/1.1
2015-09-30 23:54:05,881 [main] DEBUG org.apache.http.headers  - &gt;&gt; Accept-Encoding: gzip, deflate
2015-09-30 23:54:05,881 [main] DEBUG org.apache.http.headers  - &gt;&gt; Content-Type: application/xml
2015-09-30 23:54:05,881 [main] DEBUG org.apache.http.headers  - &gt;&gt; Content-Length: 276
2015-09-30 23:54:05,881 [main] DEBUG org.apache.http.headers  - &gt;&gt; Host: localhost:8080
2015-09-30 23:54:05,881 [main] DEBUG org.apache.http.headers  - &gt;&gt; Connection: Keep-Alive
2015-09-30 23:54:05,881 [main] DEBUG org.apache.http.wire  - &gt;&gt; &quot;&lt;?xml version=&quot;1.0&quot; encoding=&quot;UTF-8&quot; standalone=&quot;yes&quot;?&gt;&lt;book&gt;&lt;id&gt;0&lt;/id&gt;&lt;name&gt;How To DDOS&lt;/name&gt;&lt;genre&gt;ACADEMIC&lt;/genre&gt;&lt;author&gt;&lt;id&gt;0&lt;/id&gt;&lt;first-name&gt;Mark&lt;/first-name&gt;&lt;last-name&gt;Wilson&lt;/last-name&gt;&lt;written-books/&gt;&lt;/author&gt;&lt;language&gt;ENGLISH&lt;/language&gt;&lt;type&gt;PAPERBACK&lt;/type&gt;&lt;/book&gt;&quot;
2015-09-30 23:54:05,903 [main] DEBUG org.apache.http.wire  - &lt;&lt; &quot;HTTP/1.1 204 No Content[\r][\n]&quot;
2015-09-30 23:54:05,903 [main] DEBUG org.apache.http.wire  - &lt;&lt; &quot;Server: Jetty(9.0.6.v20130930)[\r][\n]&quot;
2015-09-30 23:54:05,903 [main] DEBUG org.apache.http.wire  - &lt;&lt; &quot;[\r][\n]&quot;
2015-09-30 23:54:05,903 [main] DEBUG org.apache.http.impl.conn.DefaultClientConnection  - Receiving response: HTTP/1.1 204 No Content
2015-09-30 23:54:05,903 [main] DEBUG org.apache.http.headers  - &lt;&lt; HTTP/1.1 204 No Content
2015-09-30 23:54:05,903 [main] DEBUG org.apache.http.headers  - &lt;&lt; Server: Jetty(9.0.6.v20130930)
2015-09-30 23:54:05,903 [main] DEBUG org.apache.http.impl.client.DefaultHttpClient  - Connection can be kept alive indefinitely
2015-09-30 23:54:05,903 [main] DEBUG org.apache.http.impl.conn.BasicClientConnectionManager  - Releasing connection org.apache.http.impl.conn.ManagedClientConnectionImpl@5f9b2141
2015-09-30 23:54:05,903 [main] DEBUG org.apache.http.impl.conn.BasicClientConnectionManager  - Connection can be kept alive indefinitely
setCharset(): UTF-8
2015-09-30 23:54:05,904 [main] DEBUG org.apache.http.impl.conn.BasicClientConnectionManager  - Get connection for route {}-&gt;http://localhost:8080
2015-09-30 23:54:05,904 [main] DEBUG org.apache.http.impl.client.DefaultHttpClient  - Stale connection check
2015-09-30 23:54:05,906 [main] DEBUG org.apache.http.client.protocol.RequestAddCookies  - CookieSpec selected: best-match
2015-09-30 23:54:05,906 [main] DEBUG org.apache.http.client.protocol.RequestAuthCache  - Auth cache not set in the context
2015-09-30 23:54:05,906 [main] DEBUG org.apache.http.client.protocol.RequestTargetAuthentication  - Target auth state: UNCHALLENGED
2015-09-30 23:54:05,906 [main] DEBUG org.apache.http.client.protocol.RequestProxyAuthentication  - Proxy auth state: UNCHALLENGED
2015-09-30 23:54:05,906 [main] DEBUG org.apache.http.impl.client.DefaultHttpClient  - Attempt 1 to execute request
2015-09-30 23:54:05,906 [main] DEBUG org.apache.http.impl.conn.DefaultClientConnection  - Sending request: POST /services/users HTTP/1.1
2015-09-30 23:54:05,906 [main] DEBUG org.apache.http.wire  - &gt;&gt; &quot;POST /services/users HTTP/1.1[\r][\n]&quot;
2015-09-30 23:54:05,906 [main] DEBUG org.apache.http.wire  - &gt;&gt; &quot;Accept-Encoding: gzip, deflate[\r][\n]&quot;
2015-09-30 23:54:05,906 [main] DEBUG org.apache.http.wire  - &gt;&gt; &quot;Content-Type: application/xml[\r][\n]&quot;
2015-09-30 23:54:05,906 [main] DEBUG org.apache.http.wire  - &gt;&gt; &quot;Content-Length: 187[\r][\n]&quot;
2015-09-30 23:54:05,906 [main] DEBUG org.apache.http.wire  - &gt;&gt; &quot;Host: localhost:8080[\r][\n]&quot;
2015-09-30 23:54:05,906 [main] DEBUG org.apache.http.wire  - &gt;&gt; &quot;Connection: Keep-Alive[\r][\n]&quot;
2015-09-30 23:54:05,906 [main] DEBUG org.apache.http.wire  - &gt;&gt; &quot;[\r][\n]&quot;
2015-09-30 23:54:05,906 [main] DEBUG org.apache.http.headers  - &gt;&gt; POST /services/users HTTP/1.1
2015-09-30 23:54:05,906 [main] DEBUG org.apache.http.headers  - &gt;&gt; Accept-Encoding: gzip, deflate
2015-09-30 23:54:05,907 [main] DEBUG org.apache.http.headers  - &gt;&gt; Content-Type: application/xml
2015-09-30 23:54:05,907 [main] DEBUG org.apache.http.headers  - &gt;&gt; Content-Length: 187
2015-09-30 23:54:05,907 [main] DEBUG org.apache.http.headers  - &gt;&gt; Host: localhost:8080
2015-09-30 23:54:05,907 [main] DEBUG org.apache.http.headers  - &gt;&gt; Connection: Keep-Alive
2015-09-30 23:54:05,907 [main] DEBUG org.apache.http.wire  - &gt;&gt; &quot;&lt;?xml version=&quot;1.0&quot; encoding=&quot;UTF-8&quot; standalone=&quot;yes&quot;?&gt;&lt;user&gt;&lt;id&gt;0&lt;/id&gt;&lt;first-name&gt;Pete&lt;/first-name&gt;&lt;last-name&gt;Bier&lt;/last-name&gt;&lt;username&gt;lecturer101&lt;/username&gt;&lt;city&gt;Auckland&lt;/city&gt;&lt;/user&gt;&quot;
2015-09-30 23:54:05,912 [main] DEBUG org.apache.http.wire  - &lt;&lt; &quot;HTTP/1.1 201 Created[\r][\n]&quot;
2015-09-30 23:54:05,913 [main] DEBUG org.apache.http.wire  - &lt;&lt; &quot;Location: http://localhost:8080/services/users/134[\r][\n]&quot;
2015-09-30 23:54:05,913 [main] DEBUG org.apache.http.wire  - &lt;&lt; &quot;Content-Length: 0[\r][\n]&quot;
2015-09-30 23:54:05,913 [main] DEBUG org.apache.http.wire  - &lt;&lt; &quot;Server: Jetty(9.0.6.v20130930)[\r][\n]&quot;
2015-09-30 23:54:05,913 [main] DEBUG org.apache.http.wire  - &lt;&lt; &quot;[\r][\n]&quot;
2015-09-30 23:54:05,913 [main] DEBUG org.apache.http.impl.conn.DefaultClientConnection  - Receiving response: HTTP/1.1 201 Created
2015-09-30 23:54:05,913 [main] DEBUG org.apache.http.headers  - &lt;&lt; HTTP/1.1 201 Created
2015-09-30 23:54:05,913 [main] DEBUG org.apache.http.headers  - &lt;&lt; Location: http://localhost:8080/services/users/134
2015-09-30 23:54:05,913 [main] DEBUG org.apache.http.headers  - &lt;&lt; Content-Length: 0
2015-09-30 23:54:05,913 [main] DEBUG org.apache.http.headers  - &lt;&lt; Server: Jetty(9.0.6.v20130930)
2015-09-30 23:54:05,914 [main] DEBUG org.apache.http.impl.client.DefaultHttpClient  - Connection can be kept alive indefinitely
2015-09-30 23:54:05,914 [main] DEBUG org.apache.http.impl.conn.BasicClientConnectionManager  - Releasing connection org.apache.http.impl.conn.ManagedClientConnectionImpl@6a84a97d
2015-09-30 23:54:05,914 [main] DEBUG org.apache.http.impl.conn.BasicClientConnectionManager  - Connection can be kept alive indefinitely
setCharset(): UTF-8
2015-09-30 23:54:05,922 [main] DEBUG org.apache.http.impl.conn.BasicClientConnectionManager  - Get connection for route {}-&gt;http://localhost:8080
2015-09-30 23:54:05,922 [main] DEBUG org.apache.http.impl.client.DefaultHttpClient  - Stale connection check
2015-09-30 23:54:05,923 [main] DEBUG org.apache.http.client.protocol.RequestAddCookies  - CookieSpec selected: best-match
2015-09-30 23:54:05,923 [main] DEBUG org.apache.http.client.protocol.RequestAuthCache  - Auth cache not set in the context
2015-09-30 23:54:05,923 [main] DEBUG org.apache.http.client.protocol.RequestTargetAuthentication  - Target auth state: UNCHALLENGED
2015-09-30 23:54:05,923 [main] DEBUG org.apache.http.client.protocol.RequestProxyAuthentication  - Proxy auth state: UNCHALLENGED
2015-09-30 23:54:05,923 [main] DEBUG org.apache.http.impl.client.DefaultHttpClient  - Attempt 1 to execute request
2015-09-30 23:54:05,923 [main] DEBUG org.apache.http.impl.conn.DefaultClientConnection  - Sending request: PUT /services/users/134/requests HTTP/1.1
2015-09-30 23:54:05,923 [main] DEBUG org.apache.http.wire  - &gt;&gt; &quot;PUT /services/users/134/requests HTTP/1.1[\r][\n]&quot;
2015-09-30 23:54:05,923 [main] DEBUG org.apache.http.wire  - &gt;&gt; &quot;Accept-Encoding: gzip, deflate[\r][\n]&quot;
2015-09-30 23:54:05,923 [main] DEBUG org.apache.http.wire  - &gt;&gt; &quot;Content-Type: application/xml[\r][\n]&quot;
2015-09-30 23:54:05,923 [main] DEBUG org.apache.http.wire  - &gt;&gt; &quot;Content-Length: 447[\r][\n]&quot;
2015-09-30 23:54:05,923 [main] DEBUG org.apache.http.wire  - &gt;&gt; &quot;Host: localhost:8080[\r][\n]&quot;
2015-09-30 23:54:05,923 [main] DEBUG org.apache.http.wire  - &gt;&gt; &quot;Connection: Keep-Alive[\r][\n]&quot;
2015-09-30 23:54:05,923 [main] DEBUG org.apache.http.wire  - &gt;&gt; &quot;[\r][\n]&quot;
2015-09-30 23:54:05,923 [main] DEBUG org.apache.http.headers  - &gt;&gt; PUT /services/users/134/requests HTTP/1.1
2015-09-30 23:54:05,924 [main] DEBUG org.apache.http.headers  - &gt;&gt; Accept-Encoding: gzip, deflate
2015-09-30 23:54:05,924 [main] DEBUG org.apache.http.headers  - &gt;&gt; Content-Type: application/xml
2015-09-30 23:54:05,924 [main] DEBUG org.apache.http.headers  - &gt;&gt; Content-Length: 447
2015-09-30 23:54:05,924 [main] DEBUG org.apache.http.headers  - &gt;&gt; Host: localhost:8080
2015-09-30 23:54:05,924 [main] DEBUG org.apache.http.headers  - &gt;&gt; Connection: Keep-Alive
2015-09-30 23:54:05,924 [main] DEBUG org.apache.http.wire  - &gt;&gt; &quot;&lt;?xml version=&quot;1.0&quot; encoding=&quot;UTF-8&quot; standalone=&quot;yes&quot;?&gt;&lt;request&gt;&lt;id&gt;0&lt;/id&gt;&lt;requestor&gt;&lt;id&gt;0&lt;/id&gt;&lt;first-name&gt;Pete&lt;/first-name&gt;&lt;last-name&gt;Bier&lt;/last-name&gt;&lt;username&gt;lecturer101&lt;/username&gt;&lt;city&gt;Auckland&lt;/city&gt;&lt;/requestor&gt;&lt;book&gt;&lt;id&gt;0&lt;/id&gt;&lt;name&gt;How To DDOS&lt;/name&gt;&lt;genre&gt;ACADEMIC&lt;/genre&gt;&lt;author&gt;&lt;id&gt;0&lt;/id&gt;&lt;first-name&gt;Mark&lt;/first-name&gt;&lt;last-name&gt;Wilson&lt;/last-name&gt;&lt;written-books/&gt;&lt;/author&gt;&lt;language&gt;ENGLISH&lt;/language&gt;&lt;type&gt;PAPERBACK&lt;/type&gt;&lt;/book&gt;&lt;/request&gt;&quot;
2015-09-30 23:54:05,941 [main] DEBUG org.apache.http.wire  - &lt;&lt; &quot;HTTP/1.1 500 Server Error[\r][\n]&quot;
2015-09-30 23:54:05,941 [main] DEBUG org.apache.http.wire  - &lt;&lt; &quot;Content-Length: 0[\r][\n]&quot;
2015-09-30 23:54:05,941 [main] DEBUG org.apache.http.wire  - &lt;&lt; &quot;Server: Jetty(9.0.6.v20130930)[\r][\n]&quot;
2015-09-30 23:54:05,941 [main] DEBUG org.apache.http.wire  - &lt;&lt; &quot;[\r][\n]&quot;
2015-09-30 23:54:05,941 [main] DEBUG org.apache.http.impl.conn.DefaultClientConnection  - Receiving response: HTTP/1.1 500 Server Error
2015-09-30 23:54:05,941 [main] DEBUG org.apache.http.headers  - &lt;&lt; HTTP/1.1 500 Server Error
2015-09-30 23:54:05,941 [main] DEBUG org.apache.http.headers  - &lt;&lt; Content-Length: 0
2015-09-30 23:54:05,941 [main] DEBUG org.apache.http.headers  - &lt;&lt; Server: Jetty(9.0.6.v20130930)
2015-09-30 23:54:05,941 [main] DEBUG org.apache.http.impl.client.DefaultHttpClient  - Connection can be kept alive indefinitely
2015-09-30 23:54:05,942 [main] DEBUG org.apache.http.impl.conn.DefaultClientConnection  - Connection 0.0.0.0:8428&lt;-&gt;127.0.0.1:8080 closed
</system-out>
  </testcase>
  <testcase classname="nz.ac.auckland.bookShare.services.UserResourceTest" name="updateUserBookLibrary" time="0.092"/>
</testsuite>